c:\users\danielle\documents\of\examples\addons\kinectexample\obj\release\ofxkinect.obj
c:\users\danielle\documents\of\examples\addons\kinectexample\obj\release\cameras.obj
c:\users\danielle\documents\of\examples\addons\kinectexample\obj\release\ofxcvimage.obj
c:\users\danielle\documents\of\examples\addons\kinectexample\obj\release\ofxcvcolorimage.obj
c:\users\danielle\documents\of\examples\addons\kinectexample\obj\release\ofapp.obj
c:\users\danielle\documents\of\examples\addons\kinectexample\obj\release\failguard.obj
c:\users\danielle\documents\of\examples\addons\kinectexample\obj\release\ofxcvshortimage.obj
c:\users\danielle\documents\of\examples\addons\kinectexample\obj\release\ofxcvhaarfinder.obj
c:\users\danielle\documents\of\examples\addons\kinectexample\obj\release\main.obj
c:\users\danielle\documents\of\examples\addons\kinectexample\obj\release\core.obj
c:\users\danielle\documents\of\examples\addons\kinectexample\obj\release\ofxcvgrayscaleimage.obj
c:\users\danielle\documents\of\examples\addons\kinectexample\obj\release\ofxkinectextras.obj
c:\users\danielle\documents\of\examples\addons\kinectexample\obj\release\flags.obj
c:\users\danielle\documents\of\examples\addons\kinectexample\obj\release\registration.obj
c:\users\danielle\documents\of\examples\addons\kinectexample\obj\release\tilt.obj
c:\users\danielle\documents\of\examples\addons\kinectexample\obj\release\audio.obj
c:\users\danielle\documents\of\examples\addons\kinectexample\obj\release\keep_alive.obj
c:\users\danielle\documents\of\examples\addons\kinectexample\obj\release\usb_libusb10.obj
c:\users\danielle\documents\of\examples\addons\kinectexample\obj\release\loader.obj
c:\users\danielle\documents\of\examples\addons\kinectexample\obj\release\libusbemu.obj
c:\users\danielle\documents\of\examples\addons\kinectexample\obj\release\ofxcvfloatimage.obj
c:\users\danielle\documents\of\examples\addons\kinectexample\obj\release\ofxcvcontourfinder.obj
c:\users\danielle\documents\of\examples\addons\kinectexample\obj\release\vc140.pdb
c:\users\danielle\documents\of\apps\myapps\kinectbase\obj\release\main.obj
c:\users\danielle\documents\of\apps\myapps\kinectbase\obj\release\ofapp.obj
c:\users\danielle\documents\of\apps\myapps\kinectbase\obj\release\vc140.pdb
c:\users\danielle\documents\of\apps\myapps\groov\obj\release\main.obj
c:\users\danielle\documents\of\apps\myapps\groov\obj\release\ofapp.obj
c:\users\danielle\documents\of\apps\myapps\groov\obj\release\vc140.pdb
c:\users\danielle\documents\of\examples\addons\kinectexample\bin\kinectexample.lib
c:\users\danielle\documents\of\examples\addons\kinectexample\bin\kinectexample.exp
c:\users\danielle\documents\of\apps\myapps\kinectbase\bin\kinectexample.lib
c:\users\danielle\documents\of\apps\myapps\kinectbase\bin\kinectexample.exp
c:\users\danielle\documents\of\examples\addons\kinectexample\bin\kinectexample.exe
c:\users\danielle\documents\of\apps\myapps\kinectbase\bin\kinectexample.exe
c:\users\danielle\documents\of\examples\addons\kinectexample\obj\release\icon.res
c:\users\danielle\documents\of\apps\myapps\kinectbase\obj\release\icon.res
c:\users\danielle\documents\of\apps\myapps\groov\obj\release\icon.res
c:\users\danielle\documents\of\apps\myapps\groov\obj\release\kinectexample.vcxprojresolveassemblyreference.cache
c:\users\danielle\documents\of\apps\myapps\groov\obj\release\audio.obj
c:\users\danielle\documents\of\apps\myapps\groov\obj\release\cameras.obj
c:\users\danielle\documents\of\apps\myapps\groov\obj\release\core.obj
c:\users\danielle\documents\of\apps\myapps\groov\obj\release\failguard.obj
c:\users\danielle\documents\of\apps\myapps\groov\obj\release\flags.obj
c:\users\danielle\documents\of\apps\myapps\groov\obj\release\keep_alive.obj
c:\users\danielle\documents\of\apps\myapps\groov\obj\release\libusbemu.obj
c:\users\danielle\documents\of\apps\myapps\groov\obj\release\loader.obj
c:\users\danielle\documents\of\apps\myapps\groov\obj\release\ofxcvcolorimage.obj
c:\users\danielle\documents\of\apps\myapps\groov\obj\release\ofxcvcontourfinder.obj
c:\users\danielle\documents\of\apps\myapps\groov\obj\release\ofxcvfloatimage.obj
c:\users\danielle\documents\of\apps\myapps\groov\obj\release\ofxcvgrayscaleimage.obj
c:\users\danielle\documents\of\apps\myapps\groov\obj\release\ofxcvhaarfinder.obj
c:\users\danielle\documents\of\apps\myapps\groov\obj\release\ofxcvimage.obj
c:\users\danielle\documents\of\apps\myapps\groov\obj\release\ofxcvshortimage.obj
c:\users\danielle\documents\of\apps\myapps\groov\obj\release\ofxkinect.obj
c:\users\danielle\documents\of\apps\myapps\groov\obj\release\ofxkinectextras.obj
c:\users\danielle\documents\of\apps\myapps\groov\obj\release\registration.obj
c:\users\danielle\documents\of\apps\myapps\groov\obj\release\tilt.obj
c:\users\danielle\documents\of\apps\myapps\groov\obj\release\usb_libusb10.obj
c:\users\danielle\documents\of\apps\myapps\groov\obj\release\kinectexample.tlog\cl.command.1.tlog
c:\users\danielle\documents\of\apps\myapps\groov\obj\release\kinectexample.tlog\cl.read.1.tlog
c:\users\danielle\documents\of\apps\myapps\groov\obj\release\kinectexample.tlog\cl.write.1.tlog
c:\users\danielle\documents\of\apps\myapps\groov\obj\release\kinectexample.tlog\kinectexample.write.1u.tlog
c:\users\danielle\documents\of\apps\myapps\groov\obj\release\kinectexample.tlog\link.command.1.tlog
c:\users\danielle\documents\of\apps\myapps\groov\obj\release\kinectexample.tlog\link.read.1.tlog
c:\users\danielle\documents\of\apps\myapps\groov\obj\release\kinectexample.tlog\link.write.1.tlog
c:\users\danielle\documents\of\apps\myapps\groov\obj\release\kinectexample.tlog\rc.command.1.tlog
c:\users\danielle\documents\of\apps\myapps\groov\obj\release\kinectexample.tlog\rc.read.1.tlog
c:\users\danielle\documents\of\apps\myapps\groov\obj\release\kinectexample.tlog\rc.write.1.tlog
